<?xml version="1.0" encoding="UTF-8"?>
<!-- Generated by org.testng.reporters.JUnitReportReporter -->
<testsuite hostname="DESKTOP-7DTVST3" name="AnnouncementsTests.SortingListEn" tests="1" failures="0" timestamp="9 Jan 2021 19:49:31 GMT" time="19.634" errors="0">
  <testcase name="sortinglist" time="19.634" classname="AnnouncementsTests.SortingListEn"/>
</testsuite> <!-- AnnouncementsTests.SortingListEn -->
