<?xml version="1.0" encoding="UTF-8"?>
<!-- Generated by org.testng.reporters.JUnitReportReporter -->
<testsuite hostname="DESKTOP-7DTVST3" name="NewsTests.ChangeFeatureNewsStatusAr" tests="1" failures="0" timestamp="8 Jan 2021 16:51:20 GMT" time="3.107" errors="0">
  <testcase name="changeFeatureStatus" time="3.107" classname="NewsTests.ChangeFeatureNewsStatusAr"/>
</testsuite> <!-- NewsTests.ChangeFeatureNewsStatusAr -->
