<?xml version="1.0" encoding="UTF-8"?>
<!-- Generated by org.testng.reporters.JUnitReportReporter -->
<testsuite hostname="DESKTOP-7DTVST3" name="Tests.SortingNewsListAr" tests="1" failures="0" timestamp="3 Jan 2021 13:57:00 GMT" time="13.184" errors="0">
  <testcase name="sortingorder" time="13.184" classname="Tests.SortingNewsListAr"/>
</testsuite> <!-- Tests.SortingNewsListAr -->
