<?xml version="1.0" encoding="UTF-8"?>
<!-- Generated by org.testng.reporters.JUnitReportReporter -->
<testsuite hostname="DESKTOP-7DTVST3" name="AnnouncementsTests.PaginationAr" tests="1" failures="0" timestamp="10 Jan 2021 15:08:04 GMT" time="10.272" errors="0">
  <testcase name="testPagination" time="10.272" classname="AnnouncementsTests.PaginationAr"/>
</testsuite> <!-- AnnouncementsTests.PaginationAr -->
