<?xml version="1.0" encoding="UTF-8"?>
<!-- Generated by org.testng.reporters.JUnitReportReporter -->
<testsuite hostname="DESKTOP-7DTVST3" name="AnnouncementsTests.EditAnnouncementAr" tests="1" failures="0" timestamp="12 Jan 2021 08:55:31 GMT" time="12.273" errors="0">
  <testcase name="AddAnnouncement" time="12.273" classname="AnnouncementsTests.EditAnnouncementAr"/>
</testsuite> <!-- AnnouncementsTests.EditAnnouncementAr -->
