<?xml version="1.0" encoding="UTF-8"?>
<!-- Generated by org.testng.reporters.JUnitReportReporter -->
<testsuite hostname="DESKTOP-7DTVST3" name="AnnouncementsTests.DeleteItemAr" tests="1" failures="0" timestamp="9 Jan 2021 20:11:24 GMT" time="5.878" errors="0">
  <testcase name="deleteitem" time="5.878" classname="AnnouncementsTests.DeleteItemAr"/>
</testsuite> <!-- AnnouncementsTests.DeleteItemAr -->
