<?xml version="1.0" encoding="UTF-8"?>
<!-- Generated by org.testng.reporters.JUnitReportReporter -->
<testsuite hostname="DESKTOP-7DTVST3" name="NewsTests.PaginationAr" tests="1" failures="0" timestamp="4 Jan 2021 13:03:01 GMT" time="10.577" errors="0">
  <testcase name="pagination" time="10.577" classname="NewsTests.PaginationAr"/>
</testsuite> <!-- NewsTests.PaginationAr -->
