<?xml version="1.0" encoding="UTF-8"?>
<!-- Generated by org.testng.reporters.JUnitReportReporter -->
<testsuite hostname="DESKTOP-7DTVST3" name="Tests.PinItemEn" tests="2" failures="0" timestamp="3 Jan 2021 05:28:14 GMT" time="5.248" errors="0">
  <testcase name="login" time="0.413" classname="Tests.PinItemEn"/>
  <testcase name="PinItem" time="4.835" classname="Tests.PinItemEn"/>
</testsuite> <!-- Tests.PinItemEn -->
