<?xml version="1.0" encoding="UTF-8"?>
<!-- Generated by org.testng.reporters.JUnitReportReporter -->
<testsuite hostname="DESKTOP-7DTVST3" name="AnnouncementsTests.SortingListAr" tests="1" failures="0" timestamp="9 Jan 2021 19:37:33 GMT" time="19.800" errors="0">
  <testcase name="sortinglist" time="19.800" classname="AnnouncementsTests.SortingListAr"/>
</testsuite> <!-- AnnouncementsTests.SortingListAr -->
