<?xml version="1.0" encoding="UTF-8"?>
<!-- Generated by org.testng.reporters.JUnitReportReporter -->
<testsuite hostname="DESKTOP-7DTVST3" name="Tests.ChangeNewsStatusAr" tests="2" failures="0" timestamp="2 Jan 2021 17:38:42 GMT" time="2.771" errors="0">
  <testcase name="login" time="0.432" classname="Tests.ChangeNewsStatusAr"/>
  <testcase name="changestatus" time="2.339" classname="Tests.ChangeNewsStatusAr"/>
</testsuite> <!-- Tests.ChangeNewsStatusAr -->
