<?xml version="1.0" encoding="UTF-8"?>
<!-- Generated by org.testng.reporters.JUnitReportReporter -->
<testsuite hostname="DESKTOP-7DTVST3" name="AnnouncementsTests.CancelAddingAnnouncementAr" tests="1" failures="0" timestamp="12 Jan 2021 13:36:03 GMT" time="5.486" errors="0">
  <testcase name="canceladding" time="5.486" classname="AnnouncementsTests.CancelAddingAnnouncementAr"/>
</testsuite> <!-- AnnouncementsTests.CancelAddingAnnouncementAr -->
