<?xml version="1.0" encoding="UTF-8"?>
<!-- Generated by org.testng.reporters.JUnitReportReporter -->
<testsuite hostname="DESKTOP-7DTVST3" name="NewsTests.ChangeNewsStatusAr" tests="1" failures="0" timestamp="10 Jan 2021 15:09:09 GMT" time="2.783" errors="0">
  <testcase name="changestatus" time="2.783" classname="NewsTests.ChangeNewsStatusAr"/>
</testsuite> <!-- NewsTests.ChangeNewsStatusAr -->
