<?xml version="1.0" encoding="UTF-8"?>
<!-- Generated by org.testng.reporters.JUnitReportReporter -->
<testsuite hostname="DESKTOP-7DTVST3" name="AnnouncementsTests.SortingListAr" tests="1" failures="0" timestamp="10 Jan 2021 15:08:45 GMT" time="19.747" errors="0">
  <testcase name="sortinglist" time="19.747" classname="AnnouncementsTests.SortingListAr"/>
</testsuite> <!-- AnnouncementsTests.SortingListAr -->
