<?xml version="1.0" encoding="UTF-8"?>
<!-- Generated by org.testng.reporters.JUnitReportReporter -->
<testsuite hostname="DESKTOP-7DTVST3" name="NewsTests.CancelAddingNewsAr" tests="1" failures="0" timestamp="9 Jan 2021 12:30:49 GMT" time="13.447" errors="0">
  <testcase name="Newsform" time="13.447" classname="NewsTests.CancelAddingNewsAr"/>
</testsuite> <!-- NewsTests.CancelAddingNewsAr -->
