<?xml version="1.0" encoding="UTF-8"?>
<!-- Generated by org.testng.reporters.JUnitReportReporter -->
<testsuite hostname="DESKTOP-7DTVST3" name="Internal_News_Tests.SortingListAr" tests="1" failures="0" timestamp="14 Jan 2021 06:30:18 GMT" time="19.366" errors="0">
  <testcase name="sortinglist" time="19.366" classname="Internal_News_Tests.SortingListAr"/>
</testsuite> <!-- Internal_News_Tests.SortingListAr -->
