<?xml version="1.0" encoding="UTF-8"?>
<!-- Generated by org.testng.reporters.JUnitReportReporter -->
<testsuite hostname="DESKTOP-7DTVST3" name="Tests.TestBase" tests="1" failures="0" timestamp="2 Jan 2021 17:23:34 GMT" time="0.898" errors="0">
  <testcase name="login" time="0.898" classname="Tests.TestBase"/>
</testsuite> <!-- Tests.TestBase -->
