<?xml version="1.0" encoding="UTF-8"?>
<!-- Generated by org.testng.reporters.JUnitReportReporter -->
<testsuite hostname="DESKTOP-7DTVST3" name="AnnouncementsTests.AddAnnouncementEn" tests="1" failures="0" timestamp="11 Jan 2021 07:20:57 GMT" time="3.678" errors="0">
  <testcase name="AddAnnouncement" time="3.678" classname="AnnouncementsTests.AddAnnouncementEn"/>
</testsuite> <!-- AnnouncementsTests.AddAnnouncementEn -->
