<?xml version="1.0" encoding="UTF-8"?>
<!-- Generated by org.testng.reporters.JUnitReportReporter -->
<testsuite hostname="DESKTOP-7DTVST3" name="NewsTests.CancelEditingNewsEn" tests="1" failures="0" timestamp="9 Jan 2021 13:23:25 GMT" time="13.347" errors="0">
  <testcase name="Newsform" time="13.347" classname="NewsTests.CancelEditingNewsEn"/>
</testsuite> <!-- NewsTests.CancelEditingNewsEn -->
