<?xml version="1.0" encoding="UTF-8"?>
<!-- Generated by org.testng.reporters.JUnitReportReporter -->
<testsuite hostname="DESKTOP-7DTVST3" name="AnnouncementsTests.PaginationEn" tests="1" failures="0" timestamp="10 Jan 2021 14:39:34 GMT" time="13.972" errors="0">
  <testcase name="testPagination" time="13.972" classname="AnnouncementsTests.PaginationEn"/>
</testsuite> <!-- AnnouncementsTests.PaginationEn -->
