<?xml version="1.0" encoding="UTF-8"?>
<!-- Generated by org.testng.reporters.JUnitReportReporter -->
<testsuite hostname="DESKTOP-7DTVST3" name="AnnouncementsTests.CancelDeleteFromListAr" tests="1" failures="0" timestamp="11 Jan 2021 05:35:23 GMT" time="2.764" errors="0">
  <testcase name="canceldeleterequest" time="2.764" classname="AnnouncementsTests.CancelDeleteFromListAr"/>
</testsuite> <!-- AnnouncementsTests.CancelDeleteFromListAr -->
