<?xml version="1.0" encoding="UTF-8"?>
<!-- Generated by org.testng.reporters.JUnitReportReporter -->
<testsuite hostname="DESKTOP-7DTVST3" name="Tests.PinItemAr" tests="2" failures="0" timestamp="3 Jan 2021 05:26:18 GMT" time="5.489" errors="0">
  <testcase name="login" time="0.500" classname="Tests.PinItemAr"/>
  <testcase name="PinItem" time="4.989" classname="Tests.PinItemAr"/>
</testsuite> <!-- Tests.PinItemAr -->
