<?xml version="1.0" encoding="UTF-8"?>
<!-- Generated by org.testng.reporters.JUnitReportReporter -->
<testsuite hostname="DESKTOP-7DTVST3" name="AnnouncementsTests.AddAnnouncementAr" tests="1" failures="0" timestamp="11 Jan 2021 14:13:31 GMT" time="4.516" errors="0">
  <testcase name="AddAnnouncement" time="4.516" classname="AnnouncementsTests.AddAnnouncementAr"/>
</testsuite> <!-- AnnouncementsTests.AddAnnouncementAr -->
