<?xml version="1.0" encoding="UTF-8"?>
<!-- Generated by org.testng.reporters.JUnitReportReporter -->
<testsuite hostname="DESKTOP-7DTVST3" name="NewsTests.CancelEditingNewsAr" tests="1" failures="0" timestamp="9 Jan 2021 13:07:31 GMT" time="12.745" errors="0">
  <testcase name="Newsform" time="12.745" classname="NewsTests.CancelEditingNewsAr"/>
</testsuite> <!-- NewsTests.CancelEditingNewsAr -->
