<?xml version="1.0" encoding="UTF-8"?>
<!-- Generated by org.testng.reporters.JUnitReportReporter -->
<testsuite hostname="DESKTOP-7DTVST3" name="AnnouncementsTests.CancelDeleteFromListEn" tests="1" failures="0" timestamp="11 Jan 2021 05:28:50 GMT" time="3.258" errors="0">
  <testcase name="cancelDelete" time="3.258" classname="AnnouncementsTests.CancelDeleteFromListEn"/>
</testsuite> <!-- AnnouncementsTests.CancelDeleteFromListEn -->
