<?xml version="1.0" encoding="UTF-8"?>
<!-- Generated by org.testng.reporters.JUnitReportReporter -->
<testsuite hostname="DESKTOP-7DTVST3" name="Tests.AddNewsAr" tests="1" failures="0" timestamp="3 Jan 2021 07:59:08 GMT" time="10.235" errors="0">
  <testcase name="Newsform" time="10.235" classname="Tests.AddNewsAr"/>
</testsuite> <!-- Tests.AddNewsAr -->
