<?xml version="1.0" encoding="UTF-8"?>
<!-- Generated by org.testng.reporters.JUnitReportReporter -->
<testsuite hostname="DESKTOP-7DTVST3" name="Tests.ChangeNewsStatusEn" tests="2" failures="0" timestamp="2 Jan 2021 17:56:09 GMT" time="3.193" errors="0">
  <testcase name="login" time="0.400" classname="Tests.ChangeNewsStatusEn"/>
  <testcase name="changestatus" time="2.793" classname="Tests.ChangeNewsStatusEn"/>
</testsuite> <!-- Tests.ChangeNewsStatusEn -->
