<?xml version="1.0" encoding="UTF-8"?>
<!-- Generated by org.testng.reporters.JUnitReportReporter -->
<testsuite hostname="DESKTOP-7DTVST3" name="NewsTests.AddNewsEn" tests="1" failures="0" timestamp="9 Jan 2021 12:11:18 GMT" time="17.180" errors="0">
  <testcase name="Newsform" time="17.180" classname="NewsTests.AddNewsEn"/>
</testsuite> <!-- NewsTests.AddNewsEn -->
