<?xml version="1.0" encoding="UTF-8"?>
<!-- Generated by org.testng.reporters.JUnitReportReporter -->
<testsuite hostname="DESKTOP-7DTVST3" name="Tests.SortingNewsListEn" tests="1" failures="0" timestamp="4 Jan 2021 07:30:57 GMT" time="13.407" errors="0">
  <testcase name="sortinglist" time="13.407" classname="Tests.SortingNewsListEn"/>
</testsuite> <!-- Tests.SortingNewsListEn -->
