<?xml version="1.0" encoding="UTF-8"?>
<!-- Generated by org.testng.reporters.JUnitReportReporter -->
<testsuite hostname="DESKTOP-7DTVST3" name="AnnouncementsTests.EditAnnouncementEn" tests="1" failures="0" timestamp="12 Jan 2021 08:57:59 GMT" time="3.765" errors="0">
  <testcase name="AddAnnouncement" time="3.765" classname="AnnouncementsTests.EditAnnouncementEn"/>
</testsuite> <!-- AnnouncementsTests.EditAnnouncementEn -->
