<?xml version="1.0" encoding="UTF-8"?>
<!-- Generated by org.testng.reporters.JUnitReportReporter -->
<testsuite hostname="DESKTOP-7DTVST3" name="NewsTests.DeleteFromDetailsEn" tests="1" failures="0" timestamp="9 Jan 2021 16:54:06 GMT" time="3.661" errors="0">
  <testcase name="deleteitem" time="3.661" classname="NewsTests.DeleteFromDetailsEn"/>
</testsuite> <!-- NewsTests.DeleteFromDetailsEn -->
