<?xml version="1.0" encoding="UTF-8"?>
<!-- Generated by org.testng.reporters.JUnitReportReporter -->
<testsuite hostname="DESKTOP-7DTVST3" name="NewsTests.ChangeFeatureNewsStatusEn" tests="1" failures="0" timestamp="9 Jan 2021 11:18:28 GMT" time="2.758" errors="0">
  <testcase name="changeFeatureStatus" time="2.758" classname="NewsTests.ChangeFeatureNewsStatusEn"/>
</testsuite> <!-- NewsTests.ChangeFeatureNewsStatusEn -->
