<?xml version="1.0" encoding="UTF-8"?>
<!-- Generated by org.testng.reporters.JUnitReportReporter -->
<testsuite hostname="DESKTOP-7DTVST3" name="NewsTests.SortingNewsListAr" tests="1" failures="0" timestamp="10 Jan 2021 08:18:01 GMT" time="16.761" errors="0">
  <testcase name="sortingorder" time="16.761" classname="NewsTests.SortingNewsListAr"/>
</testsuite> <!-- NewsTests.SortingNewsListAr -->
