<?xml version="1.0" encoding="UTF-8"?>
<!-- Generated by org.testng.reporters.JUnitReportReporter -->
<testsuite hostname="DESKTOP-7DTVST3" name="NewsTests.UnPinFeatureNewsEn" tests="1" failures="0" timestamp="4 Jan 2021 13:56:55 GMT" time="3.367" errors="0">
  <testcase name="unpinfeature" time="3.367" classname="NewsTests.UnPinFeatureNewsEn"/>
</testsuite> <!-- NewsTests.UnPinFeatureNewsEn -->
