<?xml version="1.0" encoding="UTF-8"?>
<!-- Generated by org.testng.reporters.JUnitReportReporter -->
<testsuite hostname="DESKTOP-7DTVST3" name="AnnouncementsTests.CancelAddingAnnouncementEn" tests="1" failures="0" timestamp="12 Jan 2021 13:45:17 GMT" time="6.340" errors="0">
  <testcase name="canceladding" time="6.340" classname="AnnouncementsTests.CancelAddingAnnouncementEn"/>
</testsuite> <!-- AnnouncementsTests.CancelAddingAnnouncementEn -->
