<?xml version="1.0" encoding="UTF-8"?>
<!-- Generated by org.testng.reporters.JUnitReportReporter -->
<testsuite hostname="DESKTOP-7DTVST3" name="AnnouncementsTests.DeleteFromDetailsEn" tests="1" failures="0" timestamp="12 Jan 2021 10:58:07 GMT" time="6.654" errors="0">
  <testcase name="deleteitem" time="6.654" classname="AnnouncementsTests.DeleteFromDetailsEn"/>
</testsuite> <!-- AnnouncementsTests.DeleteFromDetailsEn -->
